2024-10-25 16:49:44 info: Congratulations, your extension "Embold" is now active!
2024-10-25 16:49:44 info: tempDirectory : /Users/pedriito/.vscode/extensions/embold-vscode.embold-0.1.8/temp
2024-10-25 16:49:50 info: Extraction complete for source: /Users/pedriito/.vscode/extensions/embold-vscode.embold-0.1.8/resources/embold-scanner-archive.zip, destination: /Users/pedriito/.vscode/extensions/embold-vscode.embold-0.1.8/temp
2024-10-25 16:49:50 info: Extension installed on machine OS : darwin
2024-10-25 16:49:50 info: Fetched the issues from DB
2024-10-25 16:49:50 info: Embold extension version response:{"hasSupport":false,"version":"0.1.6","changeNotes":"<div> <p>Release Date: 09 Oct, 2023 <br><span>Bug fixes and improvements.</span></p> </div>"}
2024-10-25 16:49:50 info: Current installed embold extension version : 0.1.8
2024-10-25 16:49:50 info: Latest embold extension version on marketplace : 0.1.6
2024-10-25 16:49:50 info: Java version installed on machine : 
openjdk version "19.0.2" 2023-01-17
OpenJDK Runtime Environment (build 19.0.2+7-44)
OpenJDK 64-Bit Server VM (build 19.0.2+7-44, mixed mode, sharing)

2024-10-25 16:49:50 info: Java installed on machine.
2024-10-25 16:50:20 info: Row(s) deleted
2024-10-25 16:50:20 info: Row(s) deleted
2024-10-25 16:53:48 info: Row(s) deleted
2024-10-25 16:53:48 info: Row(s) deleted
2024-10-25 18:57:58 info: Row(s) deleted
2024-10-25 19:29:42 info: Row(s) deleted
2024-10-25 20:01:26 info: Row(s) deleted
2024-10-25 20:33:10 info: Row(s) deleted
2024-10-25 21:04:54 info: Row(s) deleted
2024-10-25 21:36:38 info: Row(s) deleted
2024-10-25 22:05:44 info: Row(s) deleted
2024-10-25 22:05:45 info: Row(s) deleted
2024-10-25 22:05:45 info: Row(s) deleted
